drawMePremium/build/outputs/mapping/release/seeds.txt
com.cyno.drawme.R$anim: int abc_fade_in
com.cyno.drawme.R$anim: int abc_fade_out
com.cyno.drawme.R$anim: int abc_grow_fade_in_from_bottom
com.cyno.drawme.R$anim: int abc_popup_enter
com.cyno.drawme.R$anim: int abc_popup_exit
com.cyno.drawme.R$anim: int abc_shrink_fade_out_from_bottom
com.cyno.drawme.R$anim: int abc_slide_in_bottom
com.cyno.drawme.R$anim: int abc_slide_in_top
com.cyno.drawme.R$anim: int abc_slide_out_bottom
com.cyno.drawme.R$anim: int abc_slide_out_top
com.cyno.drawme.R$anim: int fade_in
com.cyno.drawme.R$anim: int fade_out
com.cyno.drawme.R$anim: int from_left
com.cyno.drawme.R$anim: int rotate
com.cyno.drawme.R$anim: int slide_down
com.cyno.drawme.R$anim: int slide_up
com.cyno.drawme.R$array: int tools_grid_icons
com.cyno.drawme.R$array: int tools_grid_titles
com.cyno.drawme.R$attr: int accentTypeface
com.cyno.drawme.R$attr: int actionBarDivider
com.cyno.drawme.R$attr: int actionBarItemBackground
com.cyno.drawme.R$attr: int actionBarPopupTheme
com.cyno.drawme.R$attr: int actionBarSize
com.cyno.drawme.R$attr: int actionBarSplitStyle
com.cyno.drawme.R$attr: int actionBarStyle
com.cyno.drawme.R$attr: int actionBarTabBarStyle
com.cyno.drawme.R$attr: int actionBarTabStyle
com.cyno.drawme.R$attr: int actionBarTabTextStyle
com.cyno.drawme.R$attr: int actionBarTheme
com.cyno.drawme.R$attr: int actionBarWidgetTheme
com.cyno.drawme.R$attr: int actionButtonStyle
com.cyno.drawme.R$attr: int actionDropDownStyle
com.cyno.drawme.R$attr: int actionLayout
com.cyno.drawme.R$attr: int actionMenuTextAppearance
com.cyno.drawme.R$attr: int actionMenuTextColor
com.cyno.drawme.R$attr: int actionModeBackground
com.cyno.drawme.R$attr: int actionModeCloseButtonStyle
com.cyno.drawme.R$attr: int actionModeCloseDrawable
com.cyno.drawme.R$attr: int actionModeCopyDrawable
com.cyno.drawme.R$attr: int actionModeCutDrawable
com.cyno.drawme.R$attr: int actionModeFindDrawable
com.cyno.drawme.R$attr: int actionModePasteDrawable
com.cyno.drawme.R$attr: int actionModePopupWindowStyle
com.cyno.drawme.R$attr: int actionModeSelectAllDrawable
com.cyno.drawme.R$attr: int actionModeShareDrawable
com.cyno.drawme.R$attr: int actionModeSplitBackground
com.cyno.drawme.R$attr: int actionModeStyle
com.cyno.drawme.R$attr: int actionModeWebSearchDrawable
com.cyno.drawme.R$bool: int abc_action_bar_embed_tabs
com.cyno.drawme.R$bool: int abc_action_bar_embed_tabs_pre_jb
com.cyno.drawme.R$bool: int abc_action_bar_expanded_action_views_exclusive
com.cyno.drawme.R$bool: int abc_config_actionMenuItemAllCaps
com.cyno.drawme.R$bool: int abc_config_allowActionMenuItemTextWithIcon
com.cyno.drawme.R$bool: int abc_config_closeDialogWhenTouchOutside
com.cyno.drawme.R$bool: int abc_config_showMenuShortcutsWhenKeyboardPresent
...
android.support.v7.internal.widget.ActionBarContextView
android.support.v7.internal.widget.ActionBarContextView: ActionBarContextView(android.content.Context)
android.support.v7.internal.widget.ActionBarContextView: ActionBarContextView(android.content.Context,android.util.AttributeSet)
android.support.v7.internal.widget.ActionBarContextView: ActionBarContextView(android.content.Context,android.util.AttributeSet,int)
android.support.v7.internal.widget.ActionBarContextView: void setSplitToolbar(boolean)
android.support.v7.internal.widget.ActionBarContextView: void setContentHeight(int)
android.support.v7.internal.widget.ActionBarContextView: void setCustomView(android.view.View)
android.support.v7.internal.widget.ActionBarContextView: void setTitle(java.lang.CharSequence)
android.support.v7.internal.widget.ActionBarContextView: void setSubtitle(java.lang.CharSequence)
android.support.v7.internal.widget.ActionBarContextView: java.lang.CharSequence getTitle()
android.support.v7.internal.widget.ActionBarContextView: java.lang.CharSequence getSubtitle()
android.support.v7.internal.widget.ActionBarContextView: void setTitleOptional(boolean)
android.support.v7.internal.widget.ActionBarContextView: int getAnimatedVisibility()
android.support.v7.internal.widget.ActionBarContextView: void setSplitView(android.view.ViewGroup)
android.support.v7.internal.widget.ActionBarContextView: int getContentHeight()
android.support.v7.internal.widget.ActionBarOverlayLayout
android.support.v7.internal.widget.ActionBarOverlayLayout: ActionBarOverlayLayout(android.content.Context)
android.support.v7.internal.widget.ActionBarOverlayLayout: ActionBarOverlayLayout(android.content.Context,android.util.AttributeSet)
android.support.v7.internal.widget.ActionBarOverlayLayout: void setActionBarVisibilityCallback(android.support.v7.internal.widget.ActionBarOverlayLayout$ActionBarVisibilityCallback)
android.support.v7.internal.widget.ActionBarOverlayLayout: void setOverlayMode(boolean)
android.support.v7.internal.widget.ActionBarOverlayLayout: void setHasNonEmbeddedTabs(boolean)
android.support.v7.internal.widget.ActionBarOverlayLayout: void setShowingForActionMode(boolean)
android.support.v7.internal.widget.ActionBarOverlayLayout: int getNestedScrollAxes()
android.support.v7.internal.widget.ActionBarOverlayLayout: void setHideOnContentScrollEnabled(boolean)
android.support.v7.internal.widget.ActionBarOverlayLayout: int getActionBarHideOffset()
android.support.v7.internal.widget.ActionBarOverlayLayout: void setActionBarHideOffset(int)
android.support.v7.internal.widget.ActionBarOverlayLayout: void setWindowCallback(android.view.Window$Callback)
android.support.v7.internal.widget.ActionBarOverlayLayout: void setWindowTitle(java.lang.CharSequence)
android.support.v7.internal.widget.ActionBarOverlayLayout: java.lang.CharSequence getTitle()
android.support.v7.internal.widget.ActivityChooserView: void setActivityChooserModel(android.support.v7.internal.widget.ActivityChooserModel)
android.support.v7.internal.widget.ActivityChooserView: void setExpandActivityOverflowButtonDrawable(android.graphics.drawable.Drawable)
android.support.v7.internal.widget.ActivityChooserView: void setExpandActivityOverflowButtonContentDescription(int)
android.support.v7.internal.widget.ActivityChooserView: void setProvider(android.support.v4.view.ActionProvider)
android.support.v7.internal.widget.ActivityChooserView: android.support.v7.internal.widget.ActivityChooserModel getDataModel()
android.support.v7.internal.widget.ActivityChooserView: void setOnDismissListener(android.widget.PopupWindow$OnDismissListener)
android.support.v7.internal.widget.ActivityChooserView: void setInitialActivityCount(int)
android.support.v7.internal.widget.ActivityChooserView: void setDefaultActionButtonContentDescription(int)
android.support.v7.internal.widget.ActivityChooserView: android.support.v7.widget.ListPopupWindow getListPopupWindow()