drawMePremium/build/outputs/mapping/release/mapping.txt
com.cyno.drawme.R -> com.cyno.a.a:
com.cyno.drawme.R$styleable -> com.cyno.a.b:
    int[] ActionBar -> ActionBar
    int ActionBar_background -> ActionBar_background
    int ActionBar_backgroundSplit -> ActionBar_backgroundSplit
    int ActionBar_backgroundStacked -> ActionBar_backgroundStacked
    int ActionBar_contentInsetEnd -> ActionBar_contentInsetEnd
    int ActionBar_contentInsetLeft -> ActionBar_contentInsetLeft
    int ActionBar_contentInsetRight -> ActionBar_contentInsetRight
    int ActionBar_contentInsetStart -> ActionBar_contentInsetStart
    int ActionBar_customNavigationLayout -> ActionBar_customNavigationLayout
    int ActionBar_displayOptions -> ActionBar_displayOptions
    int ActionBar_divider -> ActionBar_divider
    int ActionBar_elevation -> ActionBar_elevation
    int ActionBar_height -> ActionBar_height
    int ActionBar_hideOnContentScroll -> ActionBar_hideOnContentScroll
    int ActionBar_homeAsUpIndicator -> ActionBar_homeAsUpIndicator
    int ActionBar_homeLayout -> ActionBar_homeLayout
    int ActionBar_icon -> ActionBar_icon
    int ActionBar_indeterminateProgressStyle -> ActionBar_indeterminateProgressStyle
    int ActionBar_itemPadding -> ActionBar_itemPadding
    int ActionBar_logo -> ActionBar_logo
    int ActionBar_navigationMode -> ActionBar_navigationMode
    int ActionBar_popupTheme -> ActionBar_popupTheme
    int ActionBar_progressBarPadding -> ActionBar_progressBarPadding
    int ActionBar_progressBarStyle -> ActionBar_progressBarStyle
...
android.support.v4.view.ViewConfigurationCompat$FroyoViewConfigurationVersionImpl -> android.support.v4.h.bj:
    void <init>() -> <init>
android.support.v4.view.ViewConfigurationCompat$HoneycombViewConfigurationVersionImpl -> android.support.v4.h.bk:
    void <init>() -> <init>
    boolean hasPermanentMenuKey(android.view.ViewConfiguration) -> a
android.support.v4.view.ViewConfigurationCompat$IcsViewConfigurationVersionImpl -> android.support.v4.h.bl:
    void <init>() -> <init>
    boolean hasPermanentMenuKey(android.view.ViewConfiguration) -> a
android.support.v4.view.ViewConfigurationCompat$ViewConfigurationVersionImpl -> android.support.v4.h.bm:
    boolean hasPermanentMenuKey(android.view.ViewConfiguration) -> a
android.support.v4.view.ViewConfigurationCompatICS -> android.support.v4.h.bn:
    boolean hasPermanentMenuKey(android.view.ViewConfiguration) -> a
android.support.v4.view.ViewPropertyAnimatorCompat -> android.support.v4.h.bo:
    java.lang.ref.WeakReference mView -> b
    java.lang.Runnable mStartAction -> c
    java.lang.Runnable mEndAction -> d
    int mOldLayerType -> e
    android.support.v4.view.ViewPropertyAnimatorCompat$ViewPropertyAnimatorCompatImpl IMPL -> a
    void <init>(android.view.View) -> <init>
    android.support.v4.view.ViewPropertyAnimatorCompat setDuration(long) -> a
    android.support.v4.view.ViewPropertyAnimatorCompat alpha(float) -> a
    android.support.v4.view.ViewPropertyAnimatorCompat translationX(float) -> b
    android.support.v4.view.ViewPropertyAnimatorCompat translationY(float) -> c
    android.support.v4.view.ViewPropertyAnimatorCompat setInterpolator(android.view.animation.Interpolator) -> a
    android.support.v4.view.ViewPropertyAnimatorCompat scaleY(float) -> d
    void cancel() -> a
    void start() -> b
    android.support.v4.view.ViewPropertyAnimatorCompat setListener(android.support.v4.view.ViewPropertyAnimatorListener) -> a
    android.support.v4.view.ViewPropertyAnimatorCompat setUpdateListener(android.support.v4.view.ViewPropertyAnimatorUpdateListener) -> a
    java.lang.Runnable access$100(android.support.v4.view.ViewPropertyAnimatorCompat) -> a
    java.lang.Runnable access$000(android.support.v4.view.ViewPropertyAnimatorCompat) -> b
    int access$402(android.support.v4.view.ViewPropertyAnimatorCompat,int) -> a
android.support.v4.view.ViewPropertyAnimatorCompat$1 -> android.support.v4.h.bp:
android.support.v4.view.ViewPropertyAnimatorCompat$BaseViewPropertyAnimatorCompatImpl -> android.support.v4.h.bq:
    java.util.WeakHashMap mStarterMap -> a
    void <init>() -> <init>
    void setDuration(android.support.v4.view.ViewPropertyAnimatorCompat,android.view.View,long) -> a
    void alpha(android.support.v4.view.ViewPropertyAnimatorCompat,android.view.View,float) -> a
    void translationX(android.support.v4.view.ViewPropertyAnimatorCompat,android.view.View,float) -> b
    void translationY(android.support.v4.view.ViewPropertyAnimatorCompat,android.view.View,float) -> c
    void setInterpolator(android.support.v4.view.ViewPropertyAnimatorCompat,android.view.View,android.view.animation.Interpolator) -> a
    void scaleY(android.support.v4.view.ViewPropertyAnimatorCompat,android.view.View,float) -> d
    void cancel(android.support.v4.view.ViewPropertyAnimatorCompat,android.view.View) -> a
    void start(android.support.v4.view.ViewPropertyAnimatorCompat,android.view.View) -> b
    void setListener(android.support.v4.view.ViewPropertyAnimatorCompat,android.view.View,android.support.v4.view.ViewPropertyAnimatorListener) -> a
    void setUpdateListener(android.support.v4.view.ViewPropertyAnimatorCompat,android.view.View,android.support.v4.view.ViewPropertyAnimatorUpdateListener) -> a
    void startAnimation(android.support.v4.view.ViewPropertyAnimatorCompat,android.view.View) -> c
    void removeStartMessage(android.view.View) -> a