drawMePremium/build/outputs/mapping/release/usage.txt
com.cyno.drawme.BuildConfig
com.cyno.drawme.R:
    10:2511:public R()
com.cyno.drawme.R$anim
com.cyno.drawme.R$array
com.cyno.drawme.R$attr
com.cyno.drawme.R$bool
com.cyno.drawme.R$color
com.cyno.drawme.R$dimen
com.cyno.drawme.R$drawable
com.cyno.drawme.R$id
com.cyno.drawme.R$integer
com.cyno.drawme.R$layout
com.cyno.drawme.R$mipmap
com.cyno.drawme.R$string
com.cyno.drawme.R$style
com.cyno.drawme.R$styleable:
    2511:2511:public R$styleable()
...
android.support.v4.view.AccessibilityDelegateCompat$AccessibilityDelegateIcsImpl
android.support.v4.view.AccessibilityDelegateCompat$AccessibilityDelegateIcsImpl$1
android.support.v4.view.AccessibilityDelegateCompat$AccessibilityDelegateImpl
android.support.v4.view.AccessibilityDelegateCompat$AccessibilityDelegateJellyBeanImpl
android.support.v4.view.AccessibilityDelegateCompat$AccessibilityDelegateJellyBeanImpl$1
android.support.v4.view.AccessibilityDelegateCompat$AccessibilityDelegateStubImpl
android.support.v4.view.AccessibilityDelegateCompatIcs
android.support.v4.view.AccessibilityDelegateCompatIcs$1
android.support.v4.view.AccessibilityDelegateCompatIcs$AccessibilityDelegateBridge
android.support.v4.view.AccessibilityDelegateCompatJellyBean
android.support.v4.view.AccessibilityDelegateCompatJellyBean$1
android.support.v4.view.AccessibilityDelegateCompatJellyBean$AccessibilityDelegateBridgeJellyBean
android.support.v4.view.ActionProvider:
    private static final java.lang.String TAG
    86:86:public android.content.Context getContext()
    145:148:public void refreshVisibility()
android.support.v4.view.GestureDetectorCompat
android.support.v4.view.GestureDetectorCompat$GestureDetectorCompatImpl
android.support.v4.view.GestureDetectorCompat$GestureDetectorCompatImplBase
android.support.v4.view.GestureDetectorCompat$GestureDetectorCompatImplBase$GestureHandler
android.support.v4.view.GestureDetectorCompat$GestureDetectorCompatImplJellybeanMr2
android.support.v4.view.GravityCompat:
    public static final int RELATIVE_LAYOUT_DIRECTION
    public static final int START
    public static final int END
    public static final int RELATIVE_HORIZONTAL_GRAVITY_MASK
    27:62:public GravityCompat()
    132:133:public static void apply(int,int,int,android.graphics.Rect,android.graphics.Rect,int)
    162:163:public static void apply(int,int,int,android.graphics.Rect,int,int,android.graphics.Rect,int)
    186:187:public static void applyDisplay(int,android.graphics.Rect,android.graphics.Rect,int)
android.support.v4.view.GravityCompat$GravityCompatImpl:
    public abstract void apply(int,int,int,android.graphics.Rect,android.graphics.Rect,int)
    public abstract void apply(int,int,int,android.graphics.Rect,int,int,android.graphics.Rect,int)
    public abstract void applyDisplay(int,android.graphics.Rect,android.graphics.Rect,int)
android.support.v4.view.GravityCompat$GravityCompatImplBase:
    46:47:public void apply(int,int,int,android.graphics.Rect,android.graphics.Rect,int)
    52:53:public void apply(int,int,int,android.graphics.Rect,int,int,android.graphics.Rect,int)
    58:59:public void applyDisplay(int,android.graphics.Rect,android.graphics.Rect,int)
android.support.v4.view.GravityCompat$GravityCompatImplJellybeanMr1:
    71:72:public void apply(int,int,int,android.graphics.Rect,android.graphics.Rect,int)
    77:79:public void apply(int,int,int,android.graphics.Rect,int,int,android.graphics.Rect,int)
    83:84:public void applyDisplay(int,android.graphics.Rect,android.graphics.Rect,int)
android.support.v4.view.GravityCompatJellybeanMr1:
    23:23:GravityCompatJellybeanMr1()
    31:32:public static void apply(int,int,int,android.graphics.Rect,android.graphics.Rect,int)
    36:37:public static void apply(int,int,int,android.graphics.Rect,int,int,android.graphics.Rect,int)
    40:41:public static void applyDisplay(int,android.graphics.Rect,android.graphics.Rect,int)
android.support.v4.view.InputDeviceCompat
android.support.v4.view.KeyEventCompat
android.support.v4.view.KeyEventCompat$BaseKeyEventVersionImpl
android.support.v4.view.KeyEventCompat$EclairKeyEventVersionImpl
android.support.v4.view.KeyEventCompat$HoneycombKeyEventVersionImpl
android.support.v4.view.KeyEventCompat$KeyEventVersionImpl
android.support.v4.view.KeyEventCompatEclair
android.support.v4.view.KeyEventCompatHoneycomb
android.support.v4.view.LayoutInflaterCompat:
    68:69:private LayoutInflaterCompat()